<?xml version="1.0" encoding="utf-8"?>
<coverage line-rate="1" branch-rate="1" version="1.9" timestamp="1644244916" lines-covered="4" lines-valid="4" branches-covered="0" branches-valid="0">
  <sources>
    <source></source>
  </sources>
  <packages>
    <package name="TopLevelStatements" line-rate="1" branch-rate="1" complexity="2">
      <classes>
        <class name="TopLevelStatements.MyClass" filename="C:\dev\repos\TopLevelStatements\TopLevelStatements\MyClass.cs" line-rate="1" branch-rate="1" complexity="2">
          <methods>
            <method name="Greet" signature="(System.String)" line-rate="1" branch-rate="1" complexity="1">
              <lines>
                <line number="8" hits="2" branch="False" />
                <line number="9" hits="2" branch="False" />
                <line number="10" hits="2" branch="False" />
              </lines>
            </method>
            <method name=".ctor" signature="()" line-rate="1" branch-rate="1" complexity="1">
              <lines>
                <line number="5" hits="2" branch="False" />
              </lines>
            </method>
          </methods>
          <lines>
            <line number="8" hits="2" branch="False" />
            <line number="9" hits="2" branch="False" />
            <line number="10" hits="2" branch="False" />
            <line number="5" hits="2" branch="False" />
          </lines>
        </class>
      </classes>
    </package>
  </packages>
</coverage>